0 info it worked if it ends with ok
1 verbose cli [ 'D:\\Program Files (x86)\\NodeJS\\\\node.exe',
1 verbose cli   'D:\\Program Files (x86)\\NodeJS\\node_modules\\npm\\bin\\npm-cli.js',
1 verbose cli   'start' ]
2 info using npm@1.4.28
3 info using node@v0.10.36
4 verbose node symlink D:\Program Files (x86)\NodeJS\\node.exe
5 verbose run-script [ 'prestart', 'start', 'poststart' ]
6 info prestart imie-leniveau@1.0.0
7 verbose unsafe-perm in lifecycle true
8 info start imie-leniveau@1.0.0
9 verbose unsafe-perm in lifecycle true
10 info imie-leniveau@1.0.0 Failed to exec start script
11 error imie-leniveau@1.0.0 start: `ionic serve`
11 error Exit status 1
12 error Failed at the imie-leniveau@1.0.0 start script.
12 error This is most likely a problem with the imie-leniveau package,
12 error not with npm itself.
12 error Tell the author that this fails on your system:
12 error     ionic serve
12 error You can get their info via:
12 error     npm owner ls imie-leniveau
12 error There is likely additional logging output above.
13 error System Windows_NT 6.2.9200
14 error command "D:\\Program Files (x86)\\NodeJS\\\\node.exe" "D:\\Program Files (x86)\\NodeJS\\node_modules\\npm\\bin\\npm-cli.js" "start"
15 error cwd D:\Users\Maxime Léau\Documents\Visual Studio 2013\Projects\imie-leniveau
16 error node -v v0.10.36
17 error npm -v 1.4.28
18 error code ELIFECYCLE
19 verbose exit [ 1, true ]
